<?xml version="1.0" encoding="UTF-8"?>
<!-- Generated by org.testng.reporters.JUnitReportReporter -->
<testsuite hostname="ASUS" failures="0" tests="1" name="com.lao.datadriven.BothCorrect" time="3.841" errors="0" timestamp="2023-01-07T09:51:29 IST" skipped="0">
  <testcase classname="com.lao.datadriven.BothCorrect" name="bothCorrect" time="3.841"/>
  <system-out/>
</testsuite> <!-- com.lao.datadriven.BothCorrect -->
