<?xml version="1.0" encoding="UTF-8"?>
<!-- Generated by org.testng.reporters.JUnitReportReporter -->
<testsuite hostname="ASUS" failures="0" tests="4" name="bestdatadriven_examples.LoginPage" time="7.402" errors="0" timestamp="2023-01-07T15:30:48 IST" skipped="0">
  <testcase classname="bestdatadriven_examples.LoginPage" name="bothCorrect" time="1.258"/>
  <system-out/>
  <testcase classname="bestdatadriven_examples.LoginPage" name="bothCorrect" time="1.391"/>
  <system-out/>
  <testcase classname="bestdatadriven_examples.LoginPage" name="bothCorrect" time="1.612"/>
  <system-out/>
  <testcase classname="bestdatadriven_examples.LoginPage" name="bothCorrect" time="3.141"/>
  <system-out/>
</testsuite> <!-- bestdatadriven_examples.LoginPage -->
